<?xml version="1.0" encoding="UTF-8"?>
<testng-results skipped="1" failed="1" ignored="0" total="5" passed="3">
  <reporter-output>
  </reporter-output>
  <suite name="Suite" duration-ms="63137" started-at="2021-02-18T19:20:10 IST" finished-at="2021-02-18T19:21:13 IST">
    <groups>
    </groups>
    <test name="Test" duration-ms="63137" started-at="2021-02-18T19:20:10 IST" finished-at="2021-02-18T19:21:13 IST">
      <class name="Test.Negativeflow">
        <test-method status="PASS" signature="Applaunch()[pri:0, instance:Test.Negativeflow@67c33749]" name="Applaunch" is-config="true" duration-ms="7201" started-at="2021-02-18T19:20:18 IST" finished-at="2021-02-18T19:20:26 IST">
          <reporter-output>
          </reporter-output>
        </test-method> <!-- Applaunch -->
        <test-method status="FAIL" signature="AddingItemsintocart()[pri:0, instance:Test.Negativeflow@67c33749]" name="AddingItemsintocart" duration-ms="19362" started-at="2021-02-18T19:20:46 IST" finished-at="2021-02-18T19:21:06 IST">
          <exception class="java.lang.AssertionError">
            <message>
              <![CDATA[expected [] but found [Place order]]]>
            </message>
            <full-stacktrace>
              <![CDATA[java.lang.AssertionError: expected [] but found [Place order]
at org.testng.Assert.fail(Assert.java:97)
at org.testng.Assert.assertEqualsImpl(Assert.java:136)
at org.testng.Assert.assertEquals(Assert.java:118)
at org.testng.Assert.assertEquals(Assert.java:575)
at org.testng.Assert.assertEquals(Assert.java:585)
at Test.Negativeflow.AddingItemsintocart(Negativeflow.java:90)
at sun.reflect.NativeMethodAccessorImpl.invoke0(Native Method)
at sun.reflect.NativeMethodAccessorImpl.invoke(NativeMethodAccessorImpl.java:62)
at sun.reflect.DelegatingMethodAccessorImpl.invoke(DelegatingMethodAccessorImpl.java:43)
at java.lang.reflect.Method.invoke(Method.java:498)
at org.testng.internal.MethodInvocationHelper.invokeMethod(MethodInvocationHelper.java:134)
at org.testng.internal.TestInvoker.invokeMethod(TestInvoker.java:597)
at org.testng.internal.TestInvoker.invokeTestMethod(TestInvoker.java:173)
at org.testng.internal.MethodRunner.runInSequence(MethodRunner.java:46)
at org.testng.internal.TestInvoker$MethodInvocationAgent.invoke(TestInvoker.java:816)
at org.testng.internal.TestInvoker.invokeTestMethods(TestInvoker.java:146)
at org.testng.internal.TestMethodWorker.invokeTestMethods(TestMethodWorker.java:146)
at org.testng.internal.TestMethodWorker.run(TestMethodWorker.java:128)
at java.util.ArrayList.forEach(ArrayList.java:1257)
at org.testng.TestRunner.privateRun(TestRunner.java:766)
at org.testng.TestRunner.run(TestRunner.java:587)
at org.testng.SuiteRunner.runTest(SuiteRunner.java:384)
at org.testng.SuiteRunner.runSequentially(SuiteRunner.java:378)
at org.testng.SuiteRunner.privateRun(SuiteRunner.java:337)
at org.testng.SuiteRunner.run(SuiteRunner.java:286)
at org.testng.SuiteRunnerWorker.runSuite(SuiteRunnerWorker.java:53)
at org.testng.SuiteRunnerWorker.run(SuiteRunnerWorker.java:96)
at org.testng.TestNG.runSuitesSequentially(TestNG.java:1187)
at org.testng.TestNG.runSuitesLocally(TestNG.java:1109)
at org.testng.TestNG.runSuites(TestNG.java:1039)
at org.testng.TestNG.run(TestNG.java:1007)
at org.apache.maven.surefire.testng.TestNGExecutor.run(TestNGExecutor.java:283)
at org.apache.maven.surefire.testng.TestNGXmlTestSuite.execute(TestNGXmlTestSuite.java:75)
at org.apache.maven.surefire.testng.TestNGProvider.invoke(TestNGProvider.java:120)
at org.apache.maven.surefire.booter.ForkedBooter.runSuitesInProcess(ForkedBooter.java:377)
at org.apache.maven.surefire.booter.ForkedBooter.execute(ForkedBooter.java:138)
at org.apache.maven.surefire.booter.ForkedBooter.run(ForkedBooter.java:465)
at org.apache.maven.surefire.booter.ForkedBooter.main(ForkedBooter.java:451)
]]>
            </full-stacktrace>
          </exception> <!-- java.lang.AssertionError -->
          <reporter-output>
          </reporter-output>
        </test-method> <!-- AddingItemsintocart -->
        <test-method status="SKIP" signature="Carddetails(java.lang.String, java.lang.String, java.lang.String, java.lang.String, java.lang.String, java.lang.String)[pri:0, instance:Test.Negativeflow@67c33749]" name="Carddetails" duration-ms="0" started-at="2021-02-18T19:21:07 IST" data-provider="getData" depends-on-methods="Test.Negativeflow.AddingItemsintocart" finished-at="2021-02-18T19:21:07 IST">
          <exception class="java.lang.Throwable">
            <message>
              <![CDATA[Method Negativeflow.Carddetails(java.lang.String, java.lang.String, java.lang.String, java.lang.String, java.lang.String, java.lang.String)[pri:0, instance:Test.Negativeflow@67c33749] depends on not successfully finished methods]]>
            </message>
            <full-stacktrace>
              <![CDATA[java.lang.Throwable: Method Negativeflow.Carddetails(java.lang.String, java.lang.String, java.lang.String, java.lang.String, java.lang.String, java.lang.String)[pri:0, instance:Test.Negativeflow@67c33749] depends on not successfully finished methods
at org.testng.internal.TestInvoker.invokeTestMethods(TestInvoker.java:101)
at org.testng.internal.TestMethodWorker.invokeTestMethods(TestMethodWorker.java:146)
at org.testng.internal.TestMethodWorker.run(TestMethodWorker.java:128)
at java.util.ArrayList.forEach(ArrayList.java:1257)
at org.testng.TestRunner.privateRun(TestRunner.java:766)
at org.testng.TestRunner.run(TestRunner.java:587)
at org.testng.SuiteRunner.runTest(SuiteRunner.java:384)
at org.testng.SuiteRunner.runSequentially(SuiteRunner.java:378)
at org.testng.SuiteRunner.privateRun(SuiteRunner.java:337)
at org.testng.SuiteRunner.run(SuiteRunner.java:286)
at org.testng.SuiteRunnerWorker.runSuite(SuiteRunnerWorker.java:53)
at org.testng.SuiteRunnerWorker.run(SuiteRunnerWorker.java:96)
at org.testng.TestNG.runSuitesSequentially(TestNG.java:1187)
at org.testng.TestNG.runSuitesLocally(TestNG.java:1109)
at org.testng.TestNG.runSuites(TestNG.java:1039)
at org.testng.TestNG.run(TestNG.java:1007)
at org.apache.maven.surefire.testng.TestNGExecutor.run(TestNGExecutor.java:283)
at org.apache.maven.surefire.testng.TestNGXmlTestSuite.execute(TestNGXmlTestSuite.java:75)
at org.apache.maven.surefire.testng.TestNGProvider.invoke(TestNGProvider.java:120)
at org.apache.maven.surefire.booter.ForkedBooter.runSuitesInProcess(ForkedBooter.java:377)
at org.apache.maven.surefire.booter.ForkedBooter.execute(ForkedBooter.java:138)
at org.apache.maven.surefire.booter.ForkedBooter.run(ForkedBooter.java:465)
at org.apache.maven.surefire.booter.ForkedBooter.main(ForkedBooter.java:451)
]]>
            </full-stacktrace>
          </exception> <!-- java.lang.Throwable -->
          <reporter-output>
          </reporter-output>
        </test-method> <!-- Carddetails -->
        <test-method status="PASS" signature="closebrowser()[pri:0, instance:Test.Negativeflow@67c33749]" name="closebrowser" is-config="true" duration-ms="4732" started-at="2021-02-18T19:21:08 IST" finished-at="2021-02-18T19:21:13 IST">
          <reporter-output>
          </reporter-output>
        </test-method> <!-- closebrowser -->
      </class> <!-- Test.Negativeflow -->
      <class name="Test.Demoblazetest">
        <test-method status="PASS" signature="Applaunch()[pri:0, instance:Test.Demoblazetest@78123e82]" name="Applaunch" is-config="true" duration-ms="8798" started-at="2021-02-18T19:20:10 IST" finished-at="2021-02-18T19:20:18 IST">
          <reporter-output>
          </reporter-output>
        </test-method> <!-- Applaunch -->
        <test-method status="PASS" signature="loginscenario()[pri:0, instance:Test.Demoblazetest@78123e82]" name="loginscenario" duration-ms="1044" started-at="2021-02-18T19:20:26 IST" finished-at="2021-02-18T19:20:27 IST">
          <reporter-output>
          </reporter-output>
        </test-method> <!-- loginscenario -->
        <test-method status="PASS" signature="AddingItemsintocart()[pri:0, instance:Test.Demoblazetest@78123e82]" name="AddingItemsintocart" duration-ms="17983" started-at="2021-02-18T19:20:27 IST" depends-on-methods="Test.Demoblazetest.loginscenario" finished-at="2021-02-18T19:20:45 IST">
          <reporter-output>
          </reporter-output>
        </test-method> <!-- AddingItemsintocart -->
        <test-method status="PASS" signature="Carddetails(java.lang.String, java.lang.String, java.lang.String, java.lang.String, java.lang.String, java.lang.String)[pri:0, instance:Test.Demoblazetest@78123e82]" name="Carddetails" duration-ms="1130" started-at="2021-02-18T19:20:45 IST" data-provider="getData" depends-on-methods="Test.Demoblazetest.AddingItemsintocart" finished-at="2021-02-18T19:20:46 IST">
          <params>
            <param index="0">
              <value>
                <![CDATA[Mouli]]>
              </value>
            </param>
            <param index="1">
              <value>
                <![CDATA[India]]>
              </value>
            </param>
            <param index="2">
              <value>
                <![CDATA[Bangalore]]>
              </value>
            </param>
            <param index="3">
              <value>
                <![CDATA[4811 1111 1111 1114]]>
              </value>
            </param>
            <param index="4">
              <value>
                <![CDATA[Dec-24]]>
              </value>
            </param>
            <param index="5">
              <value>
                <![CDATA[2028]]>
              </value>
            </param>
          </params>
          <reporter-output>
          </reporter-output>
        </test-method> <!-- Carddetails -->
        <test-method status="PASS" signature="closebrowser()[pri:0, instance:Test.Demoblazetest@78123e82]" name="closebrowser" is-config="true" duration-ms="1257" started-at="2021-02-18T19:21:07 IST" finished-at="2021-02-18T19:21:08 IST">
          <reporter-output>
          </reporter-output>
        </test-method> <!-- closebrowser -->
      </class> <!-- Test.Demoblazetest -->
    </test> <!-- Test -->
  </suite> <!-- Suite -->
</testng-results>
